# JRE version: Java(TM) SE Runtime Environment (8.0_144-b01) (build 1.8.0_144-b01)
# Java VM: Java HotSpot(TM) 64-Bit Server VM (25.144-b01 mixed mode windows-amd64 compressed oops)
Heap:
 PSYoungGen      total 215040K, used 135611K [0x00000000e0000000, 0x00000000f1b00000, 0x0000000100000000)
  eden space 195584K, 69% used [0x00000000e0000000,0x00000000e846ef70,0x00000000ebf00000)
  from space 19456K, 0% used [0x00000000ec580000,0x00000000ec580000,0x00000000ed880000)
  to   space 47104K, 0% used [0x00000000eed00000,0x00000000eed00000,0x00000000f1b00000)
 ParOldGen       total 195072K, used 48262K [0x00000000a0000000, 0x00000000abe80000, 0x00000000e0000000)
  object space 195072K, 24% used [0x00000000a0000000,0x00000000a2f21918,0x00000000abe80000)
 Metaspace       used 93674K, capacity 98130K, committed 98816K, reserved 1134592K
  class space    used 12288K, capacity 13050K, committed 13184K, reserved 1048576K
GC Heap History (10 events):
Event: 6758.855 GC heap before
{Heap before GC invocations=21 (full 3):
 PSYoungGen      total 246272K, used 246018K [0x00000000e0000000, 0x00000000f1b80000, 0x0000000100000000)
  eden space 224768K, 100% used [0x00000000e0000000,0x00000000edb80000,0x00000000edb80000)
  from space 21504K, 98% used [0x00000000ee380000,0x00000000ef8409d8,0x00000000ef880000)
  to   space 32768K, 0% used [0x00000000efb80000,0x00000000efb80000,0x00000000f1b80000)
 ParOldGen       total 128000K, used 50855K [0x00000000a0000000, 0x00000000a7d00000, 0x00000000e0000000)
  object space 128000K, 39% used [0x00000000a0000000,0x00000000a31a9dd0,0x00000000a7d00000)
 Metaspace       used 93118K, capacity 97286K, committed 97536K, reserved 1134592K
  class space    used 12289K, capacity 13054K, committed 13056K, reserved 1048576K
Event: 6758.912 GC heap after
Heap after GC invocations=21 (full 3):
 PSYoungGen      total 246272K, used 25947K [0x00000000e0000000, 0x00000000f1800000, 0x0000000100000000)
  eden space 217088K, 0% used [0x00000000e0000000,0x00000000e0000000,0x00000000ed400000)
  from space 29184K, 88% used [0x00000000efb80000,0x00000000f14d6ed8,0x00000000f1800000)
  to   space 34816K, 0% used [0x00000000ed400000,0x00000000ed400000,0x00000000ef600000)
 ParOldGen       total 128000K, used 50863K [0x00000000a0000000, 0x00000000a7d00000, 0x00000000e0000000)
  object space 128000K, 39% used [0x00000000a0000000,0x00000000a31abdd0,0x00000000a7d00000)
 Metaspace       used 93118K, capacity 97286K, committed 97536K, reserved 1134592K
  class space    used 12289K, capacity 13054K, committed 13056K, reserved 1048576K
}
Event: 6763.853 GC heap before
{Heap before GC invocations=22 (full 3):
 PSYoungGen      total 246272K, used 243035K [0x00000000e0000000, 0x00000000f1800000, 0x0000000100000000)
  eden space 217088K, 100% used [0x00000000e0000000,0x00000000ed400000,0x00000000ed400000)
  from space 29184K, 88% used [0x00000000efb80000,0x00000000f14d6ed8,0x00000000f1800000)
  to   space 34816K, 0% used [0x00000000ed400000,0x00000000ed400000,0x00000000ef600000)
 ParOldGen       total 128000K, used 50863K [0x00000000a0000000, 0x00000000a7d00000, 0x00000000e0000000)
  object space 128000K, 39% used [0x00000000a0000000,0x00000000a31abdd0,0x00000000a7d00000)
 Metaspace       used 93331K, capacity 97500K, committed 97664K, reserved 1134592K
  class space    used 12290K, capacity 13057K, committed 13184K, reserved 1048576K
Event: 6763.929 GC heap after
Heap after GC invocations=22 (full 3):
 PSYoungGen      total 244224K, used 34801K [0x00000000e0000000, 0x00000000f3080000, 0x0000000100000000)
  eden space 209408K, 0% used [0x00000000e0000000,0x00000000e0000000,0x00000000ecc80000)
  from space 34816K, 99% used [0x00000000ed400000,0x00000000ef5fc4f8,0x00000000ef600000)
  to   space 51200K, 0% used [0x00000000efe80000,0x00000000efe80000,0x00000000f3080000)
 ParOldGen       total 128000K, used 83182K [0x00000000a0000000, 0x00000000a7d00000, 0x00000000e0000000)
  object space 128000K, 64% used [0x00000000a0000000,0x00000000a513b8b8,0x00000000a7d00000)
 Metaspace       used 93331K, capacity 97500K, committed 97664K, reserved 1134592K
  class space    used 12290K, capacity 13057K, committed 13184K, reserved 1048576K
}
Event: 6852.351 GC heap before
{Heap before GC invocations=23 (full 3):
 PSYoungGen      total 244224K, used 244209K [0x00000000e0000000, 0x00000000f3080000, 0x0000000100000000)
  eden space 209408K, 100% used [0x00000000e0000000,0x00000000ecc80000,0x00000000ecc80000)
  from space 34816K, 99% used [0x00000000ed400000,0x00000000ef5fc4f8,0x00000000ef600000)
  to   space 51200K, 0% used [0x00000000efe80000,0x00000000efe80000,0x00000000f3080000)
 ParOldGen       total 128000K, used 83182K [0x00000000a0000000, 0x00000000a7d00000, 0x00000000e0000000)
  object space 128000K, 64% used [0x00000000a0000000,0x00000000a513b8b8,0x00000000a7d00000)
 Metaspace       used 93698K, capacity 98080K, committed 98176K, reserved 1134592K
  class space    used 12317K, capacity 13101K, committed 13184K, reserved 1048576K
Event: 6852.401 GC heap after
Heap after GC invocations=23 (full 3):
 PSYoungGen      total 242176K, used 18530K [0x00000000e0000000, 0x00000000f2580000, 0x0000000100000000)
  eden space 202240K, 0% used [0x00000000e0000000,0x00000000e0000000,0x00000000ec580000)
  from space 39936K, 46% used [0x00000000efe80000,0x00000000f1098928,0x00000000f2580000)
  to   space 49152K, 0% used [0x00000000ec580000,0x00000000ec580000,0x00000000ef580000)
 ParOldGen       total 128000K, used 93241K [0x00000000a0000000, 0x00000000a7d00000, 0x00000000e0000000)
  object space 128000K, 72% used [0x00000000a0000000,0x00000000a5b0e780,0x00000000a7d00000)
 Metaspace       used 93698K, capacity 98080K, committed 98176K, reserved 1134592K
  class space    used 12317K, capacity 13101K, committed 13184K, reserved 1048576K
}
Event: 6856.388 GC heap before
{Heap before GC invocations=24 (full 3):
 PSYoungGen      total 242176K, used 82651K [0x00000000e0000000, 0x00000000f2580000, 0x0000000100000000)
  eden space 202240K, 31% used [0x00000000e0000000,0x00000000e3e9e458,0x00000000ec580000)
  from space 39936K, 46% used [0x00000000efe80000,0x00000000f1098928,0x00000000f2580000)
  to   space 49152K, 0% used [0x00000000ec580000,0x00000000ec580000,0x00000000ef580000)
 ParOldGen       total 128000K, used 93241K [0x00000000a0000000, 0x00000000a7d00000, 0x00000000e0000000)
  object space 128000K, 72% used [0x00000000a0000000,0x00000000a5b0e780,0x00000000a7d00000)
 Metaspace       used 93886K, capacity 98556K, committed 98560K, reserved 1134592K
  class space    used 12361K, capacity 13181K, committed 13184K, reserved 1048576K
Event: 6856.422 GC heap after
Heap after GC invocations=24 (full 3):
 PSYoungGen      total 215040K, used 18946K [0x00000000e0000000, 0x00000000f1b00000, 0x0000000100000000)
  eden space 195584K, 0% used [0x00000000e0000000,0x00000000e0000000,0x00000000ebf00000)
  from space 19456K, 97% used [0x00000000ec580000,0x00000000ed800968,0x00000000ed880000)
  to   space 47104K, 0% used [0x00000000eed00000,0x00000000eed00000,0x00000000f1b00000)
 ParOldGen       total 128000K, used 93249K [0x00000000a0000000, 0x00000000a7d00000, 0x00000000e0000000)
  object space 128000K, 72% used [0x00000000a0000000,0x00000000a5b10780,0x00000000a7d00000)
 Metaspace       used 93886K, capacity 98556K, committed 98560K, reserved 1134592K
  class space    used 12361K, capacity 13181K, committed 13184K, reserved 1048576K
}
Event: 6856.422 GC heap before
{Heap before GC invocations=25 (full 4):
 PSYoungGen      total 215040K, used 18946K [0x00000000e0000000, 0x00000000f1b00000, 0x0000000100000000)
  eden space 195584K, 0% used [0x00000000e0000000,0x00000000e0000000,0x00000000ebf00000)
  from space 19456K, 97% used [0x00000000ec580000,0x00000000ed800968,0x00000000ed880000)
  to   space 47104K, 0% used [0x00000000eed00000,0x00000000eed00000,0x00000000f1b00000)
 ParOldGen       total 128000K, used 93249K [0x00000000a0000000, 0x00000000a7d00000, 0x00000000e0000000)
  object space 128000K, 72% used [0x00000000a0000000,0x00000000a5b10780,0x00000000a7d00000)
 Metaspace       used 93886K, capacity 98556K, committed 98560K, reserved 1134592K
  class space    used 12361K, capacity 13181K, committed 13184K, reserved 1048576K
Event: 6856.840 GC heap after
Heap after GC invocations=25 (full 4):
 PSYoungGen      total 215040K, used 0K [0x00000000e0000000, 0x00000000f1b00000, 0x0000000100000000)
  eden space 195584K, 0% used [0x00000000e0000000,0x00000000e0000000,0x00000000ebf00000)
  from space 19456K, 0% used [0x00000000ec580000,0x00000000ec580000,0x00000000ed880000)
  to   space 47104K, 0% used [0x00000000eed00000,0x00000000eed00000,0x00000000f1b00000)
 ParOldGen       total 195072K, used 48262K [0x00000000a0000000, 0x00000000abe80000, 0x00000000e0000000)
  object space 195072K, 24% used [0x00000000a0000000,0x00000000a2f21918,0x00000000abe80000)
 Metaspace       used 93595K, capacity 97948K, committed 98560K, reserved 1134592K
  class space    used 12282K, capacity 13043K, committed 13184K, reserved 1048576K
}

